0 verbose cli /data/data/com.termux/files/usr/bin/node /data/data/com.termux/files/usr/bin/npm
1 info using npm@11.10.0
2 info using node@v25.3.0
3 silly config load:file:/data/data/com.termux/files/usr/lib/node_modules/npm/npmrc
4 silly config load:file:/data/data/com.termux/files/home/ai-companion/.npmrc
5 silly config load:file:/data/data/com.termux/files/home/.npmrc
6 silly config load:file:/data/data/com.termux/files/usr/etc/npmrc
7 verbose title npm install @capacitor/ios @capacitor/core @capacitor/cli
8 verbose argv "install" "@capacitor/ios" "@capacitor/core" "@capacitor/cli"
9 verbose logfile logs-max:10 dir:/data/data/com.termux/files/home/.npm/_logs/2026-02-21T15_31_10_466Z-
10 verbose logfile /data/data/com.termux/files/home/.npm/_logs/2026-02-21T15_31_10_466Z-debug-0.log
11 silly logfile start cleaning logs, removing 1 files
12 silly packumentCache heap:1174405120 maxSize:293601280 maxEntrySize:146800640
13 silly logfile done cleaning log files
14 silly idealTree buildDeps
15 silly fetch manifest @capacitor/ios@*
16 silly packumentCache full:https://registry.npmjs.org/@capacitor%2fios cache-miss
17 verbose shrinkwrap failed to load node_modules/.package-lock.json out of date, updated: node_modules
18 http fetch GET 200 https://registry.npmjs.org/@capacitor%2fios 564ms (cache revalidated)
19 silly packumentCache full:https://registry.npmjs.org/@capacitor%2fios set size:3099220 disposed:false
20 silly fetch manifest @capacitor/core@*
21 silly packumentCache full:https://registry.npmjs.org/@capacitor%2fcore cache-miss
22 http fetch GET 200 https://registry.npmjs.org/@capacitor%2fcore 364ms (cache revalidated)
23 silly packumentCache full:https://registry.npmjs.org/@capacitor%2fcore set size:4122421 disposed:false
24 silly fetch manifest @capacitor/cli@*
25 silly packumentCache full:https://registry.npmjs.org/@capacitor%2fcli cache-miss
26 http fetch GET 200 https://registry.npmjs.org/@capacitor%2fcli 338ms (cache revalidated)
27 silly packumentCache full:https://registry.npmjs.org/@capacitor%2fcli set size:4473238 disposed:false
28 silly placeDep ROOT @capacitor/cli@8.1.0 OK for: ai-companion@0.0.0 want: *
29 silly placeDep ROOT @capacitor/core@8.1.0 OK for: ai-companion@0.0.0 want: *
30 silly placeDep ROOT @capacitor/ios@8.1.0 OK for: ai-companion@0.0.0 want: *
31 silly fetch manifest tar@^7.5.3
32 silly packumentCache full:https://registry.npmjs.org/tar cache-miss
33 silly fetch manifest open@^8.4.0
34 silly packumentCache full:https://registry.npmjs.org/open cache-miss
35 silly fetch manifest kleur@^4.1.5
36 silly packumentCache full:https://registry.npmjs.org/kleur cache-miss
37 silly fetch manifest plist@^3.1.0
38 silly packumentCache full:https://registry.npmjs.org/plist cache-miss
39 silly fetch manifest tslib@^2.8.1
40 silly packumentCache full:https://registry.npmjs.org/tslib cache-miss
41 silly fetch manifest rimraf@^6.0.1
42 silly packumentCache full:https://registry.npmjs.org/rimraf cache-miss
43 silly fetch manifest semver@^7.6.3
44 silly packumentCache full:https://registry.npmjs.org/semver cache-miss
45 http fetch GET 200 https://registry.npmjs.org/open 102ms (cache revalidated)
46 silly packumentCache full:https://registry.npmjs.org/open set size:136392 disposed:false
47 silly fetch manifest xml2js@^0.6.2
48 silly packumentCache full:https://registry.npmjs.org/xml2js cache-miss
49 http fetch GET 200 https://registry.npmjs.org/xml2js 77ms (cache revalidated)
50 silly packumentCache full:https://registry.npmjs.org/xml2js set size:198018 disposed:false
51 silly fetch manifest prompts@^2.4.2
52 silly packumentCache full:https://registry.npmjs.org/prompts cache-miss
53 http fetch GET 200 https://registry.npmjs.org/tar 195ms (cache revalidated)
54 silly packumentCache full:https://registry.npmjs.org/tar set size:501367 disposed:false
55 silly fetch manifest fs-extra@^11.2.0
56 silly packumentCache full:https://registry.npmjs.org/fs-extra cache-miss
57 http fetch GET 200 https://registry.npmjs.org/tslib 205ms (cache revalidated)
58 silly packumentCache full:https://registry.npmjs.org/tslib set size:108760 disposed:false
59 silly fetch manifest commander@^12.1.0
60 silly packumentCache full:https://registry.npmjs.org/commander cache-miss
61 http fetch GET 200 https://registry.npmjs.org/semver 209ms (cache revalidated)
62 silly packumentCache full:https://registry.npmjs.org/semver set size:229678 disposed:false
63 silly fetch manifest env-paths@^2.2.0
64 silly packumentCache full:https://registry.npmjs.org/env-paths cache-miss
65 http fetch GET 200 https://registry.npmjs.org/rimraf 216ms (cache revalidated)
66 silly packumentCache full:https://registry.npmjs.org/rimraf set size:212644 disposed:false
67 silly fetch manifest native-run@^2.0.3
68 silly packumentCache full:https://registry.npmjs.org/native-run cache-miss
69 http fetch GET 200 https://registry.npmjs.org/kleur 231ms (cache revalidated)
70 silly packumentCache full:https://registry.npmjs.org/kleur set size:61853 disposed:false
71 silly fetch manifest @ionic/utils-terminal@^2.3.5
72 silly packumentCache full:https://registry.npmjs.org/@ionic%2futils-terminal cache-miss
73 http fetch GET 200 https://registry.npmjs.org/plist 237ms (cache revalidated)
74 silly packumentCache full:https://registry.npmjs.org/plist set size:52877 disposed:false
75 silly fetch manifest @ionic/utils-subprocess@^3.0.1
76 silly packumentCache full:https://registry.npmjs.org/@ionic%2futils-subprocess cache-miss
77 http fetch GET 200 https://registry.npmjs.org/commander 100ms (cache revalidated)
78 silly packumentCache full:https://registry.npmjs.org/commander set size:306325 disposed:false
79 silly fetch manifest @ionic/cli-framework-output@^2.2.8
80 silly packumentCache full:https://registry.npmjs.org/@ionic%2fcli-framework-output cache-miss
81 http fetch GET 200 https://registry.npmjs.org/fs-extra 120ms (cache revalidated)
82 silly packumentCache full:https://registry.npmjs.org/fs-extra set size:230266 disposed:false
83 silly fetch manifest tslib@^2.1.0
84 silly packumentCache full:https://registry.npmjs.org/tslib cache-hit
85 http fetch GET 200 https://registry.npmjs.org/env-paths 113ms (cache revalidated)
86 silly packumentCache full:https://registry.npmjs.org/env-paths set size:26913 disposed:false
87 http fetch GET 200 https://registry.npmjs.org/prompts 141ms (cache revalidated)
88 silly packumentCache full:https://registry.npmjs.org/prompts set size:115896 disposed:false
89 http fetch GET 200 https://registry.npmjs.org/native-run 164ms (cache revalidated)
90 silly packumentCache full:https://registry.npmjs.org/native-run set size:221047 disposed:false
91 http fetch GET 200 https://registry.npmjs.org/@ionic%2futils-terminal 277ms (cache revalidated)
92 silly packumentCache full:https://registry.npmjs.org/@ionic%2futils-terminal set size:118057 disposed:false
93 http fetch GET 200 https://registry.npmjs.org/@ionic%2fcli-framework-output 294ms (cache revalidated)
94 silly packumentCache full:https://registry.npmjs.org/@ionic%2fcli-framework-output set size:65039 disposed:false
95 http fetch GET 200 https://registry.npmjs.org/@ionic%2futils-subprocess 439ms (cache revalidated)
96 silly packumentCache full:https://registry.npmjs.org/@ionic%2futils-subprocess set size:166292 disposed:false
97 silly placeDep ROOT @ionic/cli-framework-output@2.2.8 OK for: @capacitor/cli@8.1.0 want: ^2.2.8
98 silly placeDep ROOT @ionic/utils-subprocess@3.0.1 OK for: @capacitor/cli@8.1.0 want: ^3.0.1
99 silly placeDep ROOT @ionic/utils-terminal@2.3.5 OK for: @capacitor/cli@8.1.0 want: ^2.3.5
100 silly placeDep ROOT commander@12.1.0 OK for: @capacitor/cli@8.1.0 want: ^12.1.0
101 silly placeDep ROOT env-paths@2.2.1 OK for: @capacitor/cli@8.1.0 want: ^2.2.0
102 silly placeDep ROOT fs-extra@11.3.3 OK for: @capacitor/cli@8.1.0 want: ^11.2.0
103 silly placeDep ROOT kleur@4.1.5 OK for: @capacitor/cli@8.1.0 want: ^4.1.5
104 silly placeDep ROOT native-run@2.0.3 OK for: @capacitor/cli@8.1.0 want: ^2.0.3
105 silly placeDep ROOT open@8.4.2 OK for: @capacitor/cli@8.1.0 want: ^8.4.0
106 silly placeDep ROOT plist@3.1.0 OK for: @capacitor/cli@8.1.0 want: ^3.1.0
107 silly placeDep ROOT prompts@2.4.2 OK for: @capacitor/cli@8.1.0 want: ^2.4.2
108 silly placeDep ROOT rimraf@6.1.3 OK for: @capacitor/cli@8.1.0 want: ^6.0.1
109 silly placeDep node_modules/@capacitor/cli semver@7.7.4 OK for: @capacitor/cli@8.1.0 want: ^7.6.3
110 silly placeDep ROOT tar@7.5.9 OK for: @capacitor/cli@8.1.0 want: ^7.5.3
111 silly placeDep ROOT tslib@2.8.1 OK for: @capacitor/cli@8.1.0 want: ^2.8.1
112 silly placeDep ROOT xml2js@0.6.2 OK for: @capacitor/cli@8.1.0 want: ^0.6.2
113 silly fetch manifest @ionic/utils-terminal@2.3.5
114 silly packumentCache full:https://registry.npmjs.org/@ionic%2futils-terminal cache-hit
115 silly fetch manifest tslib@^2.0.1
116 silly packumentCache full:https://registry.npmjs.org/tslib cache-hit
117 silly fetch manifest @ionic/utils-array@2.1.6
118 silly packumentCache full:https://registry.npmjs.org/@ionic%2futils-array cache-miss
119 silly fetch manifest @ionic/utils-fs@3.1.7
120 silly packumentCache full:https://registry.npmjs.org/@ionic%2futils-fs cache-miss
121 silly fetch manifest @ionic/utils-process@2.1.12
122 silly packumentCache full:https://registry.npmjs.org/@ionic%2futils-process cache-miss
123 silly fetch manifest @ionic/utils-stream@3.1.7
124 silly packumentCache full:https://registry.npmjs.org/@ionic%2futils-stream cache-miss
125 silly fetch manifest @ionic/utils-terminal@2.3.5
126 silly packumentCache full:https://registry.npmjs.org/@ionic%2futils-terminal cache-hit
127 silly fetch manifest @types/slice-ansi@^4.0.0
128 silly packumentCache full:https://registry.npmjs.org/@types%2fslice-ansi cache-miss
129 silly fetch manifest signal-exit@^3.0.3
130 silly packumentCache full:https://registry.npmjs.org/signal-exit cache-miss
131 silly fetch manifest slice-ansi@^4.0.0
132 silly packumentCache full:https://registry.npmjs.org/slice-ansi cache-miss
133 http fetch GET 200 https://registry.npmjs.org/signal-exit 96ms (cache revalidated)
134 silly packumentCache full:https://registry.npmjs.org/signal-exit set size:53489 disposed:false
135 silly fetch manifest string-width@^4.1.0
136 silly packumentCache full:https://registry.npmjs.org/string-width cache-miss
137 http fetch GET 200 https://registry.npmjs.org/slice-ansi 107ms (cache revalidated)
138 silly packumentCache full:https://registry.npmjs.org/slice-ansi set size:34449 disposed:false
139 silly fetch manifest strip-ansi@^6.0.0
140 silly packumentCache full:https://registry.npmjs.org/strip-ansi cache-miss
141 http fetch GET 200 https://registry.npmjs.org/strip-ansi 71ms (cache revalidated)
142 silly packumentCache full:https://registry.npmjs.org/strip-ansi set size:41855 disposed:false
143 silly fetch manifest untildify@^4.0.0
144 silly packumentCache full:https://registry.npmjs.org/untildify cache-miss
145 http fetch GET 200 https://registry.npmjs.org/string-width 91ms (cache revalidated)
146 silly packumentCache full:https://registry.npmjs.org/string-width set size:68305 disposed:false
147 silly fetch manifest wrap-ansi@^7.0.0
148 silly packumentCache full:https://registry.npmjs.org/wrap-ansi cache-miss
149 http fetch GET 200 https://registry.npmjs.org/@types%2fslice-ansi 271ms (cache revalidated)
150 silly packumentCache full:https://registry.npmjs.org/@types%2fslice-ansi set size:12386 disposed:false
151 silly fetch manifest graceful-fs@^4.2.0
152 silly packumentCache full:https://registry.npmjs.org/graceful-fs cache-miss
153 http fetch GET 200 https://registry.npmjs.org/@ionic%2futils-fs 284ms (cache revalidated)
154 silly packumentCache full:https://registry.npmjs.org/@ionic%2futils-fs set size:155283 disposed:false
155 silly fetch manifest jsonfile@^6.0.1
156 silly packumentCache full:https://registry.npmjs.org/jsonfile cache-miss
157 http fetch GET 200 https://registry.npmjs.org/@ionic%2futils-process 287ms (cache revalidated)
158 silly packumentCache full:https://registry.npmjs.org/@ionic%2futils-process set size:128236 disposed:false
159 silly fetch manifest universalify@^2.0.0
160 silly packumentCache full:https://registry.npmjs.org/universalify cache-miss
161 http fetch GET 200 https://registry.npmjs.org/@ionic%2futils-array 292ms (cache revalidated)
162 silly packumentCache full:https://registry.npmjs.org/@ionic%2futils-array set size:86082 disposed:false
163 silly fetch manifest @ionic/utils-fs@^3.1.7
164 silly packumentCache full:https://registry.npmjs.org/@ionic%2futils-fs cache-hit
165 silly fetch manifest bplist-parser@^0.3.2
166 silly packumentCache full:https://registry.npmjs.org/bplist-parser cache-miss
167 http fetch GET 200 https://registry.npmjs.org/wrap-ansi 90ms (cache revalidated)
168 silly packumentCache full:https://registry.npmjs.org/wrap-ansi set size:55299 disposed:false
169 silly fetch manifest elementtree@^0.1.7
170 silly packumentCache full:https://registry.npmjs.org/elementtree cache-miss
171 http fetch GET 200 https://registry.npmjs.org/untildify 134ms (cache revalidated)
172 silly packumentCache full:https://registry.npmjs.org/untildify set size:22319 disposed:false
173 silly fetch manifest ini@^4.1.1
174 silly packumentCache full:https://registry.npmjs.org/ini cache-miss
175 http fetch GET 200 https://registry.npmjs.org/universalify 73ms (cache revalidated)
176 silly packumentCache full:https://registry.npmjs.org/universalify set size:19431 disposed:false
177 silly fetch manifest split2@^4.2.0
178 silly packumentCache full:https://registry.npmjs.org/split2 cache-miss
179 http fetch GET 200 https://registry.npmjs.org/graceful-fs 92ms (cache revalidated)
180 silly packumentCache full:https://registry.npmjs.org/graceful-fs set size:124285 disposed:false
181 silly fetch manifest through2@^4.0.2
182 silly packumentCache full:https://registry.npmjs.org/through2 cache-miss
183 http fetch GET 200 https://registry.npmjs.org/jsonfile 100ms (cache revalidated)
184 silly packumentCache full:https://registry.npmjs.org/jsonfile set size:51505 disposed:false
185 silly fetch manifest tslib@^2.6.2
186 silly packumentCache full:https://registry.npmjs.org/tslib cache-hit
187 silly fetch manifest yauzl@^2.10.0
188 silly packumentCache full:https://registry.npmjs.org/yauzl cache-miss
189 http fetch GET 200 https://registry.npmjs.org/@ionic%2futils-stream 397ms (cache revalidated)
190 silly packumentCache full:https://registry.npmjs.org/@ionic%2futils-stream set size:89195 disposed:false
191 silly fetch manifest is-wsl@^2.2.0
192 silly packumentCache full:https://registry.npmjs.org/is-wsl cache-miss
193 http fetch GET 200 https://registry.npmjs.org/ini 69ms (cache revalidated)
194 silly packumentCache full:https://registry.npmjs.org/ini set size:57019 disposed:false
195 silly fetch manifest is-docker@^2.1.1
196 silly packumentCache full:https://registry.npmjs.org/is-docker cache-miss
197 http fetch GET 200 https://registry.npmjs.org/split2 83ms (cache revalidated)
198 silly packumentCache full:https://registry.npmjs.org/split2 set size:47438 disposed:false
199 silly fetch manifest define-lazy-prop@^2.0.0
200 silly packumentCache full:https://registry.npmjs.org/define-lazy-prop cache-miss
201 http fetch GET 200 https://registry.npmjs.org/elementtree 168ms (cache revalidated)
202 silly packumentCache full:https://registry.npmjs.org/elementtree set size:18608 disposed:false
203 silly fetch manifest @xmldom/xmldom@^0.8.8
204 silly packumentCache full:https://registry.npmjs.org/@xmldom%2fxmldom cache-miss
205 http fetch GET 200 https://registry.npmjs.org/is-wsl 70ms (cache revalidated)
206 silly packumentCache full:https://registry.npmjs.org/is-wsl set size:20683 disposed:false
207 silly fetch manifest base64-js@^1.5.1
208 silly packumentCache full:https://registry.npmjs.org/base64-js cache-miss
209 http fetch GET 200 https://registry.npmjs.org/yauzl 92ms (cache revalidated)
210 silly packumentCache full:https://registry.npmjs.org/yauzl set size:97051 disposed:false
211 silly fetch manifest xmlbuilder@^15.1.1
212 silly packumentCache full:https://registry.npmjs.org/xmlbuilder cache-miss
213 http fetch GET 200 https://registry.npmjs.org/bplist-parser 193ms (cache revalidated)
214 silly packumentCache full:https://registry.npmjs.org/bplist-parser set size:21877 disposed:false
215 silly fetch manifest kleur@^3.0.3
216 silly packumentCache full:https://registry.npmjs.org/kleur cache-hit
217 silly fetch manifest sisteransi@^1.0.5
218 silly packumentCache full:https://registry.npmjs.org/sisteransi cache-miss
219 http fetch GET 200 https://registry.npmjs.org/is-docker 81ms (cache revalidated)
220 silly packumentCache full:https://registry.npmjs.org/is-docker set size:23690 disposed:false
221 silly fetch manifest glob@^13.0.3
222 silly packumentCache full:https://registry.npmjs.org/glob cache-miss
223 http fetch GET 200 https://registry.npmjs.org/through2 153ms (cache revalidated)
224 silly packumentCache full:https://registry.npmjs.org/through2 set size:74174 disposed:false
225 silly fetch manifest package-json-from-dist@^1.0.1
226 silly packumentCache full:https://registry.npmjs.org/package-json-from-dist cache-miss
227 http fetch GET 200 https://registry.npmjs.org/define-lazy-prop 91ms (cache revalidated)
228 silly packumentCache full:https://registry.npmjs.org/define-lazy-prop set size:9337 disposed:false
229 silly fetch manifest @isaacs/fs-minipass@^4.0.0
230 silly packumentCache full:https://registry.npmjs.org/@isaacs%2ffs-minipass cache-miss
231 http fetch GET 200 https://registry.npmjs.org/base64-js 92ms (cache revalidated)
232 silly packumentCache full:https://registry.npmjs.org/base64-js set size:41270 disposed:false
233 silly fetch manifest chownr@^3.0.0
234 silly packumentCache full:https://registry.npmjs.org/chownr cache-miss
235 http fetch GET 200 https://registry.npmjs.org/glob 77ms (cache revalidated)
236 silly packumentCache full:https://registry.npmjs.org/glob set size:469465 disposed:false
237 silly fetch manifest minipass@^7.1.2
238 silly packumentCache full:https://registry.npmjs.org/minipass cache-miss
239 http fetch GET 200 https://registry.npmjs.org/sisteransi 97ms (cache revalidated)
240 silly packumentCache full:https://registry.npmjs.org/sisteransi set size:23215 disposed:false
241 silly fetch manifest minizlib@^3.1.0
242 silly packumentCache full:https://registry.npmjs.org/minizlib cache-miss
243 http fetch GET 200 https://registry.npmjs.org/xmlbuilder 108ms (cache revalidated)
244 silly packumentCache full:https://registry.npmjs.org/xmlbuilder set size:158707 disposed:false
245 silly fetch manifest yallist@^5.0.0
246 silly packumentCache full:https://registry.npmjs.org/yallist cache-miss
247 http fetch GET 200 https://registry.npmjs.org/package-json-from-dist 70ms (cache revalidated)
248 silly packumentCache full:https://registry.npmjs.org/package-json-from-dist set size:8854 disposed:false
249 silly fetch manifest sax@>=0.6.0
250 silly packumentCache full:https://registry.npmjs.org/sax cache-miss
251 http fetch GET 200 https://registry.npmjs.org/chownr 100ms (cache revalidated)
252 silly packumentCache full:https://registry.npmjs.org/chownr set size:22157 disposed:false
253 silly fetch manifest xmlbuilder@~11.0.0
254 silly packumentCache full:https://registry.npmjs.org/xmlbuilder cache-hit
255 http fetch GET 200 https://registry.npmjs.org/@isaacs%2ffs-minipass 124ms (cache revalidated)
256 silly packumentCache full:https://registry.npmjs.org/@isaacs%2ffs-minipass set size:7912 disposed:false
257 http fetch GET 200 https://registry.npmjs.org/minizlib 90ms (cache revalidated)
258 silly packumentCache full:https://registry.npmjs.org/minizlib set size:62862 disposed:false
259 http fetch GET 200 https://registry.npmjs.org/yallist 99ms (cache revalidated)
260 silly packumentCache full:https://registry.npmjs.org/yallist set size:34610 disposed:false
261 http fetch GET 200 https://registry.npmjs.org/sax 93ms (cache revalidated)
262 silly packumentCache full:https://registry.npmjs.org/sax set size:87969 disposed:false
263 http fetch GET 200 https://registry.npmjs.org/minipass 130ms (cache revalidated)
264 silly packumentCache full:https://registry.npmjs.org/minipass set size:276925 disposed:false
265 http fetch GET 200 https://registry.npmjs.org/@xmldom%2fxmldom 307ms (cache revalidated)
266 silly packumentCache full:https://registry.npmjs.org/@xmldom%2fxmldom set size:154096 disposed:false
267 silly placeDep ROOT @ionic/utils-array@2.1.6 OK for: @ionic/utils-subprocess@3.0.1 want: 2.1.6
268 silly placeDep ROOT @ionic/utils-fs@3.1.7 OK for: @ionic/utils-subprocess@3.0.1 want: 3.1.7
269 silly placeDep ROOT @ionic/utils-process@2.1.12 OK for: @ionic/utils-subprocess@3.0.1 want: 2.1.12
270 silly placeDep ROOT @ionic/utils-stream@3.1.7 OK for: @ionic/utils-subprocess@3.0.1 want: 3.1.7
271 silly fetch manifest @types/fs-extra@^8.0.0
272 silly packumentCache full:https://registry.npmjs.org/@types%2ffs-extra cache-miss
273 silly fetch manifest fs-extra@^9.0.0
274 silly packumentCache full:https://registry.npmjs.org/fs-extra cache-hit
275 silly fetch manifest @ionic/utils-object@2.1.6
276 silly packumentCache full:https://registry.npmjs.org/@ionic%2futils-object cache-miss
277 silly fetch manifest tree-kill@^1.2.2
278 silly packumentCache full:https://registry.npmjs.org/tree-kill cache-miss
279 http fetch GET 200 https://registry.npmjs.org/tree-kill 72ms (cache revalidated)
280 silly packumentCache full:https://registry.npmjs.org/tree-kill set size:24180 disposed:false
281 http fetch GET 200 https://registry.npmjs.org/@types%2ffs-extra 243ms (cache revalidated)
282 silly packumentCache full:https://registry.npmjs.org/@types%2ffs-extra set size:159323 disposed:false
283 http fetch GET 200 https://registry.npmjs.org/@ionic%2futils-object 267ms (cache revalidated)
284 silly packumentCache full:https://registry.npmjs.org/@ionic%2futils-object set size:82526 disposed:false
285 silly placeDep ROOT @types/fs-extra@8.1.5 OK for: @ionic/utils-fs@3.1.7 want: ^8.0.0
286 silly placeDep node_modules/@ionic/utils-fs fs-extra@9.1.0 OK for: @ionic/utils-fs@3.1.7 want: ^9.0.0
287 silly fetch manifest @types/node@*
288 silly packumentCache full:https://registry.npmjs.org/@types%2fnode cache-miss
289 silly fetch manifest at-least-node@^1.0.0
290 silly packumentCache full:https://registry.npmjs.org/at-least-node cache-miss
291 http fetch GET 200 https://registry.npmjs.org/@types%2fnode 155ms (cache revalidated)
292 silly packumentCache full:https://registry.npmjs.org/@types%2fnode set size:10864169 disposed:false
293 http fetch GET 200 https://registry.npmjs.org/at-least-node 328ms (cache revalidated)
294 silly packumentCache full:https://registry.npmjs.org/at-least-node set size:4075 disposed:false
295 silly placeDep ROOT @ionic/utils-object@2.1.6 OK for: @ionic/utils-process@2.1.12 want: 2.1.6
296 silly placeDep ROOT signal-exit@3.0.7 OK for: @ionic/utils-process@2.1.12 want: ^3.0.3
297 silly placeDep ROOT tree-kill@1.2.2 OK for: @ionic/utils-process@2.1.12 want: ^1.2.2
298 silly placeDep ROOT @types/slice-ansi@4.0.0 OK for: @ionic/utils-terminal@2.3.5 want: ^4.0.0
299 silly placeDep ROOT slice-ansi@4.0.0 OK for: @ionic/utils-terminal@2.3.5 want: ^4.0.0
300 silly placeDep ROOT string-width@4.2.3 OK for: @ionic/utils-terminal@2.3.5 want: ^4.1.0
301 silly placeDep ROOT strip-ansi@6.0.1 OK for: @ionic/utils-terminal@2.3.5 want: ^6.0.0
302 silly placeDep ROOT untildify@4.0.0 OK for: @ionic/utils-terminal@2.3.5 want: ^4.0.0
303 silly placeDep ROOT wrap-ansi@7.0.0 OK for: @ionic/utils-terminal@2.3.5 want: ^7.0.0
304 silly fetch manifest astral-regex@^2.0.0
305 silly packumentCache full:https://registry.npmjs.org/astral-regex cache-miss
306 silly fetch manifest is-fullwidth-code-point@^3.0.0
307 silly packumentCache full:https://registry.npmjs.org/is-fullwidth-code-point cache-miss
308 silly fetch manifest strip-ansi@^6.0.1
309 silly packumentCache full:https://registry.npmjs.org/strip-ansi cache-hit
310 silly fetch manifest emoji-regex@^8.0.0
311 silly packumentCache full:https://registry.npmjs.org/emoji-regex cache-miss
312 silly fetch manifest is-fullwidth-code-point@^3.0.0
313 silly packumentCache full:https://registry.npmjs.org/is-fullwidth-code-point cache-miss
314 silly fetch manifest ansi-regex@^5.0.1
315 silly packumentCache full:https://registry.npmjs.org/ansi-regex cache-miss
316 http fetch GET 200 https://registry.npmjs.org/emoji-regex 74ms (cache revalidated)
317 silly packumentCache full:https://registry.npmjs.org/emoji-regex set size:89088 disposed:false
318 http fetch GET 200 https://registry.npmjs.org/ansi-regex 81ms (cache revalidated)
319 silly packumentCache full:https://registry.npmjs.org/ansi-regex set size:43572 disposed:false
320 http fetch GET 200 https://registry.npmjs.org/is-fullwidth-code-point 86ms (cache revalidated)
321 silly packumentCache full:https://registry.npmjs.org/is-fullwidth-code-point set size:14578 disposed:false
322 http fetch GET 200 https://registry.npmjs.org/is-fullwidth-code-point 110ms (cache revalidated)
323 silly packumentCache full:https://registry.npmjs.org/is-fullwidth-code-point set size:14578 disposed:false
324 silly packumentCache full:https://registry.npmjs.org/is-fullwidth-code-point dispose
325 http fetch GET 200 https://registry.npmjs.org/astral-regex 177ms (cache revalidated)
326 silly packumentCache full:https://registry.npmjs.org/astral-regex set size:5602 disposed:false
327 silly placeDep ROOT @types/node@25.3.0 OK for: @types/fs-extra@8.1.5 want: *
328 silly fetch manifest undici-types@~7.18.0
329 silly packumentCache full:https://registry.npmjs.org/undici-types cache-miss
330 http fetch GET 200 https://registry.npmjs.org/undici-types 82ms (cache revalidated)
331 silly packumentCache full:https://registry.npmjs.org/undici-types set size:171546 disposed:false
332 silly placeDep ROOT undici-types@7.18.2 OK for: @types/node@25.3.0 want: ~7.18.0
333 silly placeDep ROOT graceful-fs@4.2.11 OK for: fs-extra@11.3.3 want: ^4.2.0
334 silly placeDep ROOT jsonfile@6.2.0 OK for: fs-extra@11.3.3 want: ^6.0.1
335 silly placeDep ROOT universalify@2.0.1 OK for: fs-extra@11.3.3 want: ^2.0.0
336 silly placeDep ROOT bplist-parser@0.3.2 OK for: native-run@2.0.3 want: ^0.3.2
337 silly placeDep ROOT elementtree@0.1.7 OK for: native-run@2.0.3 want: ^0.1.7
338 silly placeDep ROOT ini@4.1.3 OK for: native-run@2.0.3 want: ^4.1.1
339 silly placeDep ROOT split2@4.2.0 OK for: native-run@2.0.3 want: ^4.2.0
340 silly placeDep ROOT through2@4.0.2 OK for: native-run@2.0.3 want: ^4.0.2
341 silly placeDep ROOT yauzl@2.10.0 OK for: native-run@2.0.3 want: ^2.10.0
342 silly fetch manifest big-integer@1.6.x
343 silly packumentCache full:https://registry.npmjs.org/big-integer cache-miss
344 silly fetch manifest sax@1.1.4
345 silly packumentCache full:https://registry.npmjs.org/sax cache-hit
346 silly fetch manifest readable-stream@3
347 silly packumentCache full:https://registry.npmjs.org/readable-stream cache-miss
348 silly fetch manifest fd-slicer@~1.1.0
349 silly packumentCache full:https://registry.npmjs.org/fd-slicer cache-miss
350 silly fetch manifest buffer-crc32@~0.2.3
351 silly packumentCache full:https://registry.npmjs.org/buffer-crc32 cache-miss
352 http fetch GET 200 https://registry.npmjs.org/readable-stream 90ms (cache revalidated)
353 silly packumentCache full:https://registry.npmjs.org/readable-stream set size:261096 disposed:false
354 http fetch GET 200 https://registry.npmjs.org/fd-slicer 138ms (cache revalidated)
355 silly packumentCache full:https://registry.npmjs.org/fd-slicer set size:25525 disposed:false
356 http fetch GET 200 https://registry.npmjs.org/buffer-crc32 141ms (cache revalidated)
357 silly packumentCache full:https://registry.npmjs.org/buffer-crc32 set size:58100 disposed:false
358 http fetch GET 200 https://registry.npmjs.org/big-integer 150ms (cache revalidated)
359 silly packumentCache full:https://registry.npmjs.org/big-integer set size:205433 disposed:false
360 silly placeDep ROOT big-integer@1.6.52 OK for: bplist-parser@0.3.2 want: 1.6.x
361 silly placeDep ROOT sax@1.1.4 OK for: elementtree@0.1.7 want: 1.1.4
362 silly placeDep ROOT define-lazy-prop@2.0.0 OK for: open@8.4.2 want: ^2.0.0
363 silly placeDep ROOT is-docker@2.2.1 OK for: open@8.4.2 want: ^2.1.1
364 silly placeDep ROOT is-wsl@2.2.0 OK for: open@8.4.2 want: ^2.2.0
365 silly placeDep ROOT @xmldom/xmldom@0.8.11 OK for: plist@3.1.0 want: ^0.8.8
366 silly placeDep ROOT base64-js@1.5.1 OK for: plist@3.1.0 want: ^1.5.1
367 silly placeDep ROOT xmlbuilder@15.1.1 OK for: plist@3.1.0 want: ^15.1.1
368 silly placeDep node_modules/prompts kleur@3.0.3 OK for: prompts@2.4.2 want: ^3.0.3
369 silly placeDep ROOT sisteransi@1.0.5 OK for: prompts@2.4.2 want: ^1.0.5
370 silly placeDep ROOT glob@13.0.6 OK for: rimraf@6.1.3 want: ^13.0.3
371 silly placeDep ROOT package-json-from-dist@1.0.1 OK for: rimraf@6.1.3 want: ^1.0.1
372 silly fetch manifest minimatch@^10.2.2
373 silly packumentCache full:https://registry.npmjs.org/minimatch cache-miss
374 silly fetch manifest minipass@^7.1.3
375 silly packumentCache full:https://registry.npmjs.org/minipass cache-hit
376 silly fetch manifest path-scurry@^2.0.2
377 silly packumentCache full:https://registry.npmjs.org/path-scurry cache-miss
378 http fetch GET 200 https://registry.npmjs.org/minimatch 74ms (cache revalidated)
379 silly packumentCache full:https://registry.npmjs.org/minimatch set size:315610 disposed:false
380 http fetch GET 200 https://registry.npmjs.org/path-scurry 99ms (cache revalidated)
381 silly packumentCache full:https://registry.npmjs.org/path-scurry set size:117612 disposed:false
382 silly placeDep node_modules/glob minimatch@10.2.2 OK for: glob@13.0.6 want: ^10.2.2
383 silly placeDep ROOT minipass@7.1.3 OK for: glob@13.0.6 want: ^7.1.3
384 silly placeDep ROOT path-scurry@2.0.2 OK for: glob@13.0.6 want: ^2.0.2
385 silly fetch manifest brace-expansion@^5.0.2
386 silly packumentCache full:https://registry.npmjs.org/brace-expansion cache-miss
387 silly fetch manifest lru-cache@^11.0.0
388 silly packumentCache full:https://registry.npmjs.org/lru-cache cache-miss
389 http fetch GET 200 https://registry.npmjs.org/brace-expansion 73ms (cache revalidated)
390 silly packumentCache full:https://registry.npmjs.org/brace-expansion set size:51042 disposed:false
391 http fetch GET 200 https://registry.npmjs.org/lru-cache 81ms (cache revalidated)
392 silly packumentCache full:https://registry.npmjs.org/lru-cache set size:413591 disposed:false
393 silly placeDep node_modules/path-scurry lru-cache@11.2.6 OK for: path-scurry@2.0.2 want: ^11.0.0
394 silly placeDep ROOT astral-regex@2.0.0 OK for: slice-ansi@4.0.0 want: ^2.0.0
395 silly placeDep ROOT is-fullwidth-code-point@3.0.0 OK for: slice-ansi@4.0.0 want: ^3.0.0
396 silly placeDep ROOT emoji-regex@8.0.0 OK for: string-width@4.2.3 want: ^8.0.0
397 silly placeDep ROOT ansi-regex@5.0.1 OK for: strip-ansi@6.0.1 want: ^5.0.1
398 silly placeDep ROOT @isaacs/fs-minipass@4.0.1 OK for: tar@7.5.9 want: ^4.0.0
399 silly placeDep ROOT chownr@3.0.0 OK for: tar@7.5.9 want: ^3.0.0
400 silly placeDep ROOT minizlib@3.1.0 OK for: tar@7.5.9 want: ^3.1.0
401 silly placeDep node_modules/tar yallist@5.0.0 OK for: tar@7.5.9 want: ^5.0.0
402 silly placeDep ROOT readable-stream@3.6.2 OK for: through2@4.0.2 want: 3
403 silly fetch manifest inherits@^2.0.3
404 silly packumentCache full:https://registry.npmjs.org/inherits cache-miss
405 silly fetch manifest string_decoder@^1.1.1
406 silly packumentCache full:https://registry.npmjs.org/string_decoder cache-miss
407 silly fetch manifest util-deprecate@^1.0.1
408 silly packumentCache full:https://registry.npmjs.org/util-deprecate cache-miss
409 http fetch GET 200 https://registry.npmjs.org/util-deprecate 67ms (cache revalidated)
410 silly packumentCache full:https://registry.npmjs.org/util-deprecate set size:6674 disposed:false
411 http fetch GET 200 https://registry.npmjs.org/inherits 73ms (cache revalidated)
412 silly packumentCache full:https://registry.npmjs.org/inherits set size:12925 disposed:false
413 http fetch GET 200 https://registry.npmjs.org/string_decoder 107ms (cache revalidated)
414 silly packumentCache full:https://registry.npmjs.org/string_decoder set size:28441 disposed:false
415 silly placeDep ROOT inherits@2.0.4 OK for: readable-stream@3.6.2 want: ^2.0.3
416 silly placeDep ROOT string_decoder@1.3.0 OK for: readable-stream@3.6.2 want: ^1.1.1
417 silly placeDep ROOT util-deprecate@1.0.2 OK for: readable-stream@3.6.2 want: ^1.0.1
418 silly fetch manifest safe-buffer@~5.2.0
419 silly packumentCache full:https://registry.npmjs.org/safe-buffer cache-miss
420 http fetch GET 200 https://registry.npmjs.org/safe-buffer 88ms (cache revalidated)
421 silly packumentCache full:https://registry.npmjs.org/safe-buffer set size:41183 disposed:false
422 silly placeDep ROOT safe-buffer@5.2.1 OK for: string_decoder@1.3.0 want: ~5.2.0
423 silly placeDep node_modules/xml2js xmlbuilder@11.0.1 OK for: xml2js@0.6.2 want: ~11.0.0
424 silly placeDep ROOT buffer-crc32@0.2.13 OK for: yauzl@2.10.0 want: ~0.2.3
425 silly placeDep ROOT fd-slicer@1.1.0 OK for: yauzl@2.10.0 want: ~1.1.0
426 silly fetch manifest pend@~1.2.0
427 silly packumentCache full:https://registry.npmjs.org/pend cache-miss
428 http fetch GET 200 https://registry.npmjs.org/pend 141ms (cache revalidated)
429 silly packumentCache full:https://registry.npmjs.org/pend set size:8066 disposed:false
430 silly placeDep ROOT pend@1.2.0 OK for: fd-slicer@1.1.0 want: ~1.2.0
431 silly placeDep ROOT at-least-node@1.0.0 OK for: fs-extra@9.1.0 want: ^1.0.0
432 silly placeDep node_modules/glob brace-expansion@5.0.2 OK for: minimatch@10.2.2 want: ^5.0.2
433 silly fetch manifest balanced-match@^4.0.2
434 silly packumentCache full:https://registry.npmjs.org/balanced-match cache-miss
435 http fetch GET 200 https://registry.npmjs.org/balanced-match 78ms (cache revalidated)
436 silly packumentCache full:https://registry.npmjs.org/balanced-match set size:36751 disposed:false
437 silly placeDep node_modules/glob balanced-match@4.0.3 OK for: brace-expansion@5.0.2 want: ^4.0.2
438 silly reify moves {}
439 silly audit bulk request {
439 silly audit   '@babel/code-frame': [ '7.29.0' ],
439 silly audit   '@babel/compat-data': [ '7.29.0' ],
439 silly audit   '@babel/core': [ '7.29.0' ],
439 silly audit   '@babel/generator': [ '7.29.1' ],
439 silly audit   '@babel/helper-compilation-targets': [ '7.28.6' ],
439 silly audit   '@babel/helper-globals': [ '7.28.0' ],
439 silly audit   '@babel/helper-module-imports': [ '7.28.6' ],
439 silly audit   '@babel/helper-module-transforms': [ '7.28.6' ],
439 silly audit   '@babel/helper-plugin-utils': [ '7.28.6' ],
439 silly audit   '@babel/helper-string-parser': [ '7.27.1' ],
439 silly audit   '@babel/helper-validator-identifier': [ '7.28.5' ],
439 silly audit   '@babel/helper-validator-option': [ '7.27.1' ],
439 silly audit   '@babel/helpers': [ '7.28.6' ],
439 silly audit   '@babel/parser': [ '7.29.0' ],
439 silly audit   '@babel/plugin-transform-react-jsx-self': [ '7.27.1' ],
439 silly audit   '@babel/plugin-transform-react-jsx-source': [ '7.27.1' ],
439 silly audit   '@babel/template': [ '7.28.6' ],
439 silly audit   '@babel/traverse': [ '7.29.0' ],
439 silly audit   '@babel/types': [ '7.29.0' ],
439 silly audit   '@esbuild/aix-ppc64': [ '0.27.3' ],
439 silly audit   '@esbuild/android-arm': [ '0.27.3' ],
439 silly audit   '@esbuild/android-arm64': [ '0.27.3' ],
439 silly audit   '@esbuild/android-x64': [ '0.27.3' ],
439 silly audit   '@esbuild/darwin-arm64': [ '0.27.3' ],
439 silly audit   '@esbuild/darwin-x64': [ '0.27.3' ],
439 silly audit   '@esbuild/freebsd-arm64': [ '0.27.3' ],
439 silly audit   '@esbuild/freebsd-x64': [ '0.27.3' ],
439 silly audit   '@esbuild/linux-arm': [ '0.27.3' ],
439 silly audit   '@esbuild/linux-arm64': [ '0.27.3' ],
439 silly audit   '@esbuild/linux-ia32': [ '0.27.3' ],
439 silly audit   '@esbuild/linux-loong64': [ '0.27.3' ],
439 silly audit   '@esbuild/linux-mips64el': [ '0.27.3' ],
439 silly audit   '@esbuild/linux-ppc64': [ '0.27.3' ],
439 silly audit   '@esbuild/linux-riscv64': [ '0.27.3' ],
439 silly audit   '@esbuild/linux-s390x': [ '0.27.3' ],
439 silly audit   '@esbuild/linux-x64': [ '0.27.3' ],
439 silly audit   '@esbuild/netbsd-arm64': [ '0.27.3' ],
439 silly audit   '@esbuild/netbsd-x64': [ '0.27.3' ],
439 silly audit   '@esbuild/openbsd-arm64': [ '0.27.3' ],
439 silly audit   '@esbuild/openbsd-x64': [ '0.27.3' ],
439 silly audit   '@esbuild/openharmony-arm64': [ '0.27.3' ],
439 silly audit   '@esbuild/sunos-x64': [ '0.27.3' ],
439 silly audit   '@esbuild/win32-arm64': [ '0.27.3' ],
439 silly audit   '@esbuild/win32-ia32': [ '0.27.3' ],
439 silly audit   '@esbuild/win32-x64': [ '0.27.3' ],
439 silly audit   '@eslint-community/eslint-utils': [ '4.9.1' ],
439 silly audit   'eslint-visitor-keys': [ '3.4.3', '4.2.1' ],
439 silly audit   '@eslint-community/regexpp': [ '4.12.2' ],
439 silly audit   '@eslint/config-array': [ '0.21.1' ],
439 silly audit   '@eslint/config-helpers': [ '0.4.2' ],
439 silly audit   '@eslint/core': [ '0.17.0' ],
439 silly audit   '@eslint/eslintrc': [ '3.3.3' ],
439 silly audit   globals: [ '14.0.0', '16.5.0' ],
439 silly audit   '@eslint/js': [ '9.39.2' ],
439 silly audit   '@eslint/object-schema': [ '2.1.7' ],
439 silly audit   '@eslint/plugin-kit': [ '0.4.1' ],
439 silly audit   '@humanfs/core': [ '0.19.1' ],
439 silly audit   '@humanfs/node': [ '0.16.7' ],
439 silly audit   '@humanwhocodes/module-importer': [ '1.0.1' ],
439 silly audit   '@humanwhocodes/retry': [ '0.4.3' ],
439 silly audit   '@jridgewell/gen-mapping': [ '0.3.13' ],
439 silly audit   '@jridgewell/remapping': [ '2.3.5' ],
439 silly audit   '@jridgewell/resolve-uri': [ '3.1.2' ],
439 silly audit   '@jridgewell/sourcemap-codec': [ '1.5.5' ],
439 silly audit   '@jridgewell/trace-mapping': [ '0.3.31' ],
439 silly audit   '@rolldown/pluginutils': [ '1.0.0-rc.3' ],
439 silly audit   '@rollup/rollup-android-arm-eabi': [ '4.57.1' ],
439 silly audit   '@rollup/rollup-android-arm64': [ '4.57.1' ],
439 silly audit   '@rollup/rollup-darwin-arm64': [ '4.57.1' ],
439 silly audit   '@rollup/rollup-darwin-x64': [ '4.57.1' ],
439 silly audit   '@rollup/rollup-freebsd-arm64': [ '4.57.1' ],
439 silly audit   '@rollup/rollup-freebsd-x64': [ '4.57.1' ],
439 silly audit   '@rollup/rollup-linux-arm-gnueabihf': [ '4.57.1' ],
439 silly audit   '@rollup/rollup-linux-arm-musleabihf': [ '4.57.1' ],
439 silly audit   '@rollup/rollup-linux-arm64-gnu': [ '4.57.1' ],
439 silly audit   '@rollup/rollup-linux-arm64-musl': [ '4.57.1' ],
439 silly audit   '@rollup/rollup-linux-loong64-gnu': [ '4.57.1' ],
439 silly audit   '@rollup/rollup-linux-loong64-musl': [ '4.57.1' ],
439 silly audit   '@rollup/rollup-linux-ppc64-gnu': [ '4.57.1' ],
439 silly audit   '@rollup/rollup-linux-ppc64-musl': [ '4.57.1' ],
439 silly audit   '@rollup/rollup-linux-riscv64-gnu': [ '4.57.1' ],
439 silly audit   '@rollup/rollup-linux-riscv64-musl': [ '4.57.1' ],
439 silly audit   '@rollup/rollup-linux-s390x-gnu': [ '4.57.1' ],
439 silly audit   '@rollup/rollup-linux-x64-gnu': [ '4.57.1' ],
439 silly audit   '@rollup/rollup-linux-x64-musl': [ '4.57.1' ],
439 silly audit   '@rollup/rollup-openbsd-x64': [ '4.57.1' ],
439 silly audit   '@rollup/rollup-openharmony-arm64': [ '4.57.1' ],
439 silly audit   '@rollup/rollup-win32-arm64-msvc': [ '4.57.1' ],
439 silly audit   '@rollup/rollup-win32-ia32-msvc': [ '4.57.1' ],
439 silly audit   '@rollup/rollup-win32-x64-gnu': [ '4.57.1' ],
439 silly audit   '@rollup/rollup-win32-x64-msvc': [ '4.57.1' ],
439 silly audit   '@types/babel__core': [ '7.20.5' ],
439 silly audit   '@types/babel__generator': [ '7.27.0' ],
439 silly audit   '@types/babel__template': [ '7.4.4' ],
439 silly audit   '@types/babel__traverse': [ '7.28.0' ],
439 silly audit   '@types/estree': [ '1.0.8' ],
439 silly audit   '@types/json-schema': [ '7.0.15' ],
439 silly audit   '@types/react': [ '19.2.14' ],
439 silly audit   '@types/react-dom': [ '19.2.3' ],
439 silly audit   '@vitejs/plugin-react': [ '5.1.4' ],
439 silly audit   acorn: [ '8.15.0' ],
439 silly audit   'acorn-jsx': [ '5.3.2' ],
439 silly audit   ajv: [ '6.12.6' ],
439 silly audit   'ansi-styles': [ '4.3.0' ],
439 silly audit   argparse: [ '2.0.1' ],
439 silly audit   'balanced-match': [ '1.0.2', '4.0.3' ],
439 silly audit   'baseline-browser-mapping': [ '2.9.19' ],
439 silly audit   'brace-expansion': [ '1.1.12', '5.0.2' ],
439 silly audit   browserslist: [ '4.28.1' ],
439 silly audit   callsites: [ '3.1.0' ],
439 silly audit   'caniuse-lite': [ '1.0.30001769' ],
439 silly audit   chalk: [ '4.1.2' ],
439 silly audit   'color-convert': [ '2.0.1' ],
439 silly audit   'color-name': [ '1.1.4' ],
439 silly audit   'concat-map': [ '0.0.1' ],
439 silly audit   'convert-source-map': [ '2.0.0' ],
439 silly audit   'cross-spawn': [ '7.0.6' ],
439 silly audit   csstype: [ '3.2.3' ],
439 silly audit   debug: [ '4.4.3' ],
439 silly audit   'deep-is': [ '0.1.4' ],
439 silly audit   'electron-to-chromium': [ '1.5.286' ],
439 silly audit   esbuild: [ '0.27.3' ],
439 silly audit   escalade: [ '3.2.0' ],
439 silly audit   'escape-string-regexp': [ '4.0.0' ],
439 silly audit   eslint: [ '9.39.2' ],
439 silly audit   'eslint-plugin-react-hooks': [ '7.0.1' ],
439 silly audit   'eslint-plugin-react-refresh': [ '0.4.26' ],
439 silly audit   'eslint-scope': [ '8.4.0' ],
439 silly audit   espree: [ '10.4.0' ],
439 silly audit   esquery: [ '1.7.0' ],
439 silly audit   esrecurse: [ '4.3.0' ],
439 silly audit   estraverse: [ '5.3.0' ],
439 silly audit   esutils: [ '2.0.3' ],
439 silly audit   'fast-deep-equal': [ '3.1.3' ],
439 silly audit   'fast-json-stable-stringify': [ '2.1.0' ],
439 silly audit   'fast-levenshtein': [ '2.0.6' ],
439 silly audit   fdir: [ '6.5.0' ],
439 silly audit   'file-entry-cache': [ '8.0.0' ],
439 silly audit   'find-up': [ '5.0.0' ],
439 silly audit   'flat-cache': [ '4.0.1' ],
439 silly audit   flatted: [ '3.3.3' ],
439 silly audit   fsevents: [ '2.3.3' ],
439 silly audit   gensync: [ '1.0.0-beta.2' ],
439 silly audit   'glob-parent': [ '6.0.2' ],
439 silly audit   'has-flag': [ '4.0.0' ],
439 silly audit   'hermes-estree': [ '0.25.1' ],
439 silly audit   'hermes-parser': [ '0.25.1' ],
439 silly audit   ignore: [ '5.3.2' ],
439 silly audit   'import-fresh': [ '3.3.1' ],
439 silly audit   imurmurhash: [ '0.1.4' ],
439 silly audit   'is-extglob': [ '2.1.1' ],
439 silly audit   'is-glob': [ '4.0.3' ],
439 silly audit   isexe: [ '2.0.0' ],
439 silly audit   'js-tokens': [ '4.0.0' ],
439 silly audit   'js-yaml': [ '4.1.1' ],
439 silly audit   jsesc: [ '3.1.0' ],
439 silly audit   'json-buffer': [ '3.0.1' ],
439 silly audit   'json-schema-traverse': [ '0.4.1' ],
439 silly audit   'json-stable-stringify-without-jsonify': [ '1.0.1' ],
439 silly audit   json5: [ '2.2.3' ],
439 silly audit   keyv: [ '4.5.4' ],
439 silly audit   levn: [ '0.4.1' ],
439 silly audit   'locate-path': [ '6.0.0' ],
439 silly audit   'lodash.merge': [ '4.6.2' ],
439 silly audit   'lru-cache': [ '5.1.1', '11.2.6' ],
439 silly audit   minimatch: [ '3.1.2', '10.2.2' ],
439 silly audit   ms: [ '2.1.3' ],
439 silly audit   nanoid: [ '3.3.11' ],
439 silly audit   'natural-compare': [ '1.4.0' ],
439 silly audit   'node-releases': [ '2.0.27' ],
439 silly audit   optionator: [ '0.9.4' ],
439 silly audit   'p-limit': [ '3.1.0' ],
439 silly audit   'p-locate': [ '5.0.0' ],
439 silly audit   'parent-module': [ '1.0.1' ],
439 silly audit   'path-exists': [ '4.0.0' ],
439 silly audit   'path-key': [ '3.1.1' ],
439 silly audit   picocolors: [ '1.1.1' ],
439 silly audit   picomatch: [ '4.0.3' ],
439 silly audit   postcss: [ '8.5.6' ],
439 silly audit   'prelude-ls': [ '1.2.1' ],
439 silly audit   punycode: [ '2.3.1' ],
439 silly audit   react: [ '19.2.4' ],
439 silly audit   'react-dom': [ '19.2.4' ],
439 silly audit   'react-refresh': [ '0.18.0' ],
439 silly audit   'resolve-from': [ '4.0.0' ],
439 silly audit   rollup: [ '4.57.1' ],
439 silly audit   scheduler: [ '0.27.0' ],
439 silly audit   semver: [ '6.3.1', '7.7.4' ],
439 silly audit   'shebang-command': [ '2.0.0' ],
439 silly audit   'shebang-regex': [ '3.0.0' ],
439 silly audit   'source-map-js': [ '1.2.1' ],
439 silly audit   'strip-json-comments': [ '3.1.1' ],
439 silly audit   'supports-color': [ '7.2.0' ],
439 silly audit   tinyglobby: [ '0.2.15' ],
439 silly audit   'type-check': [ '0.4.0' ],
439 silly audit   'update-browserslist-db': [ '1.2.3' ],
439 silly audit   'uri-js': [ '4.4.1' ],
439 silly audit   vite: [ '7.3.1' ],
439 silly audit   which: [ '2.0.2' ],
439 silly audit   'word-wrap': [ '1.2.5' ],
439 silly audit   yallist: [ '3.1.1', '5.0.0' ],
439 silly audit   'yocto-queue': [ '0.1.0' ],
439 silly audit   zod: [ '4.3.6' ],
439 silly audit   'zod-validation-error': [ '4.0.2' ],
439 silly audit   '@capacitor/cli': [ '8.1.0' ],
439 silly audit   '@capacitor/core': [ '8.1.0' ],
439 silly audit   '@capacitor/ios': [ '8.1.0' ],
439 silly audit   '@ionic/cli-framework-output': [ '2.2.8' ],
439 silly audit   '@ionic/utils-subprocess': [ '3.0.1' ],
439 silly audit   '@ionic/utils-terminal': [ '2.3.5' ],
439 silly audit   commander: [ '12.1.0' ],
439 silly audit   'env-paths': [ '2.2.1' ],
439 silly audit   'fs-extra': [ '11.3.3', '9.1.0' ],
439 silly audit   kleur: [ '4.1.5', '3.0.3' ],
439 silly audit   'native-run': [ '2.0.3' ],
439 silly audit   open: [ '8.4.2' ],
439 silly audit   plist: [ '3.1.0' ],
439 silly audit   prompts: [ '2.4.2' ],
439 silly audit   rimraf: [ '6.1.3' ],
439 silly audit   tar: [ '7.5.9' ],
439 silly audit   tslib: [ '2.8.1' ],
439 silly audit   xml2js: [ '0.6.2' ],
439 silly audit   '@ionic/utils-array': [ '2.1.6' ],
439 silly audit   '@ionic/utils-fs': [ '3.1.7' ],
439 silly audit   '@ionic/utils-process': [ '2.1.12' ],
439 silly audit   '@ionic/utils-stream': [ '3.1.7' ],
439 silly audit   '@types/fs-extra': [ '8.1.5' ],
439 silly audit   '@ionic/utils-object': [ '2.1.6' ],
439 silly audit   'signal-exit': [ '3.0.7' ],
439 silly audit   'tree-kill': [ '1.2.2' ],
439 silly audit   '@types/slice-ansi': [ '4.0.0' ],
439 silly audit   'slice-ansi': [ '4.0.0' ],
439 silly audit   'string-width': [ '4.2.3' ],
439 silly audit   'strip-ansi': [ '6.0.1' ],
439 silly audit   untildify: [ '4.0.0' ],
439 silly audit   'wrap-ansi': [ '7.0.0' ],
439 silly audit   '@types/node': [ '25.3.0' ],
439 silly audit   'undici-types': [ '7.18.2' ],
439 silly audit   'graceful-fs': [ '4.2.11' ],
439 silly audit   jsonfile: [ '6.2.0' ],
439 silly audit   universalify: [ '2.0.1' ],
439 silly audit   'bplist-parser': [ '0.3.2' ],
439 silly audit   elementtree: [ '0.1.7' ],
439 silly audit   ini: [ '4.1.3' ],
439 silly audit   split2: [ '4.2.0' ],
439 silly audit   through2: [ '4.0.2' ],
439 silly audit   yauzl: [ '2.10.0' ],
439 silly audit   'big-integer': [ '1.6.52' ],
439 silly audit   sax: [ '1.1.4' ],
439 silly audit   'define-lazy-prop': [ '2.0.0' ],
439 silly audit   'is-docker': [ '2.2.1' ],
439 silly audit   'is-wsl': [ '2.2.0' ],
439 silly audit   '@xmldom/xmldom': [ '0.8.11' ],
439 silly audit   'base64-js': [ '1.5.1' ],
439 silly audit   xmlbuilder: [ '15.1.1', '11.0.1' ],
439 silly audit   sisteransi: [ '1.0.5' ],
439 silly audit   glob: [ '13.0.6' ],
439 silly audit   'package-json-from-dist': [ '1.0.1' ],
439 silly audit   minipass: [ '7.1.3' ],
439 silly audit   'path-scurry': [ '2.0.2' ],
439 silly audit   'astral-regex': [ '2.0.0' ],
439 silly audit   'is-fullwidth-code-point': [ '3.0.0' ],
439 silly audit   'emoji-regex': [ '8.0.0' ],
439 silly audit   'ansi-regex': [ '5.0.1' ],
439 silly audit   '@isaacs/fs-minipass': [ '4.0.1' ],
439 silly audit   chownr: [ '3.0.0' ],
439 silly audit   minizlib: [ '3.1.0' ],
439 silly audit   'readable-stream': [ '3.6.2' ],
439 silly audit   inherits: [ '2.0.4' ],
439 silly audit   string_decoder: [ '1.3.0' ],
439 silly audit   'util-deprecate': [ '1.0.2' ],
439 silly audit   'safe-buffer': [ '5.2.1' ],
439 silly audit   'buffer-crc32': [ '0.2.13' ],
439 silly audit   'fd-slicer': [ '1.1.0' ],
439 silly audit   pend: [ '1.2.0' ],
439 silly audit   'at-least-node': [ '1.0.0' ]
439 silly audit }
440 http cache at-least-node@https://registry.npmjs.org/at-least-node/-/at-least-node-1.0.0.tgz 0ms (cache hit)
441 http cache pend@https://registry.npmjs.org/pend/-/pend-1.2.0.tgz 0ms (cache hit)
442 http cache buffer-crc32@https://registry.npmjs.org/buffer-crc32/-/buffer-crc32-0.2.13.tgz 0ms (cache hit)
443 http cache safe-buffer@https://registry.npmjs.org/safe-buffer/-/safe-buffer-5.2.1.tgz 0ms (cache hit)
444 http cache util-deprecate@https://registry.npmjs.org/util-deprecate/-/util-deprecate-1.0.2.tgz 0ms (cache hit)
445 http cache string_decoder@https://registry.npmjs.org/string_decoder/-/string_decoder-1.3.0.tgz 0ms (cache hit)
446 http cache inherits@https://registry.npmjs.org/inherits/-/inherits-2.0.4.tgz 0ms (cache hit)
447 http cache minizlib@https://registry.npmjs.org/minizlib/-/minizlib-3.1.0.tgz 0ms (cache hit)
448 http cache readable-stream@https://registry.npmjs.org/readable-stream/-/readable-stream-3.6.2.tgz 0ms (cache hit)
449 http cache chownr@https://registry.npmjs.org/chownr/-/chownr-3.0.0.tgz 0ms (cache hit)
450 http cache @isaacs/fs-minipass@https://registry.npmjs.org/@isaacs/fs-minipass/-/fs-minipass-4.0.1.tgz 0ms (cache hit)
451 http cache ansi-regex@https://registry.npmjs.org/ansi-regex/-/ansi-regex-5.0.1.tgz 0ms (cache hit)
452 http cache emoji-regex@https://registry.npmjs.org/emoji-regex/-/emoji-regex-8.0.0.tgz 0ms (cache hit)
453 http cache is-fullwidth-code-point@https://registry.npmjs.org/is-fullwidth-code-point/-/is-fullwidth-code-point-3.0.0.tgz 0ms (cache hit)
454 http cache astral-regex@https://registry.npmjs.org/astral-regex/-/astral-regex-2.0.0.tgz 0ms (cache hit)
455 http cache minipass@https://registry.npmjs.org/minipass/-/minipass-7.1.3.tgz 0ms (cache hit)
456 http cache path-scurry@https://registry.npmjs.org/path-scurry/-/path-scurry-2.0.2.tgz 0ms (cache hit)
457 http cache package-json-from-dist@https://registry.npmjs.org/package-json-from-dist/-/package-json-from-dist-1.0.1.tgz 0ms (cache hit)
458 http cache glob@https://registry.npmjs.org/glob/-/glob-13.0.6.tgz 0ms (cache hit)
459 http cache sisteransi@https://registry.npmjs.org/sisteransi/-/sisteransi-1.0.5.tgz 0ms (cache hit)
460 http cache xmlbuilder@https://registry.npmjs.org/xmlbuilder/-/xmlbuilder-15.1.1.tgz 0ms (cache hit)
461 http cache base64-js@https://registry.npmjs.org/base64-js/-/base64-js-1.5.1.tgz 0ms (cache hit)
462 http cache @xmldom/xmldom@https://registry.npmjs.org/@xmldom/xmldom/-/xmldom-0.8.11.tgz 0ms (cache hit)
463 http cache is-wsl@https://registry.npmjs.org/is-wsl/-/is-wsl-2.2.0.tgz 0ms (cache hit)
464 http cache is-docker@https://registry.npmjs.org/is-docker/-/is-docker-2.2.1.tgz 0ms (cache hit)
465 http cache define-lazy-prop@https://registry.npmjs.org/define-lazy-prop/-/define-lazy-prop-2.0.0.tgz 0ms (cache hit)
466 http cache big-integer@https://registry.npmjs.org/big-integer/-/big-integer-1.6.52.tgz 0ms (cache hit)
467 http cache sax@https://registry.npmjs.org/sax/-/sax-1.1.4.tgz 0ms (cache hit)
468 http cache yauzl@https://registry.npmjs.org/yauzl/-/yauzl-2.10.0.tgz 0ms (cache hit)
469 http cache through2@https://registry.npmjs.org/through2/-/through2-4.0.2.tgz 0ms (cache hit)
470 http cache split2@https://registry.npmjs.org/split2/-/split2-4.2.0.tgz 0ms (cache hit)
471 http cache ini@https://registry.npmjs.org/ini/-/ini-4.1.3.tgz 0ms (cache hit)
472 http cache elementtree@https://registry.npmjs.org/elementtree/-/elementtree-0.1.7.tgz 0ms (cache hit)
473 http cache bplist-parser@https://registry.npmjs.org/bplist-parser/-/bplist-parser-0.3.2.tgz 0ms (cache hit)
474 http cache universalify@https://registry.npmjs.org/universalify/-/universalify-2.0.1.tgz 0ms (cache hit)
475 http cache jsonfile@https://registry.npmjs.org/jsonfile/-/jsonfile-6.2.0.tgz 0ms (cache hit)
476 http cache graceful-fs@https://registry.npmjs.org/graceful-fs/-/graceful-fs-4.2.11.tgz 0ms (cache hit)
477 http cache undici-types@https://registry.npmjs.org/undici-types/-/undici-types-7.18.2.tgz 0ms (cache hit)
478 http cache @types/node@https://registry.npmjs.org/@types/node/-/node-25.3.0.tgz 0ms (cache hit)
479 http cache wrap-ansi@https://registry.npmjs.org/wrap-ansi/-/wrap-ansi-7.0.0.tgz 0ms (cache hit)
480 http cache untildify@https://registry.npmjs.org/untildify/-/untildify-4.0.0.tgz 0ms (cache hit)
481 http cache strip-ansi@https://registry.npmjs.org/strip-ansi/-/strip-ansi-6.0.1.tgz 0ms (cache hit)
482 http cache string-width@https://registry.npmjs.org/string-width/-/string-width-4.2.3.tgz 0ms (cache hit)
483 http cache slice-ansi@https://registry.npmjs.org/slice-ansi/-/slice-ansi-4.0.0.tgz 0ms (cache hit)
484 http cache @types/slice-ansi@https://registry.npmjs.org/@types/slice-ansi/-/slice-ansi-4.0.0.tgz 1ms (cache hit)
485 http cache tree-kill@https://registry.npmjs.org/tree-kill/-/tree-kill-1.2.2.tgz 0ms (cache hit)
486 http cache signal-exit@https://registry.npmjs.org/signal-exit/-/signal-exit-3.0.7.tgz 0ms (cache hit)
487 http cache @ionic/utils-object@https://registry.npmjs.org/@ionic/utils-object/-/utils-object-2.1.6.tgz 0ms (cache hit)
488 http cache @types/fs-extra@https://registry.npmjs.org/@types/fs-extra/-/fs-extra-8.1.5.tgz 0ms (cache hit)
489 http cache @ionic/utils-stream@https://registry.npmjs.org/@ionic/utils-stream/-/utils-stream-3.1.7.tgz 0ms (cache hit)
490 http cache @ionic/utils-process@https://registry.npmjs.org/@ionic/utils-process/-/utils-process-2.1.12.tgz 0ms (cache hit)
491 http cache @ionic/utils-fs@https://registry.npmjs.org/@ionic/utils-fs/-/utils-fs-3.1.7.tgz 0ms (cache hit)
492 http cache @ionic/utils-array@https://registry.npmjs.org/@ionic/utils-array/-/utils-array-2.1.6.tgz 0ms (cache hit)
493 http cache tslib@https://registry.npmjs.org/tslib/-/tslib-2.8.1.tgz 0ms (cache hit)
494 http cache tar@https://registry.npmjs.org/tar/-/tar-7.5.9.tgz 0ms (cache hit)
495 http cache rimraf@https://registry.npmjs.org/rimraf/-/rimraf-6.1.3.tgz 0ms (cache hit)
496 http cache prompts@https://registry.npmjs.org/prompts/-/prompts-2.4.2.tgz 0ms (cache hit)
497 http cache xml2js@https://registry.npmjs.org/xml2js/-/xml2js-0.6.2.tgz 1ms (cache hit)
498 http cache plist@https://registry.npmjs.org/plist/-/plist-3.1.0.tgz 0ms (cache hit)
499 http cache open@https://registry.npmjs.org/open/-/open-8.4.2.tgz 0ms (cache hit)
500 http cache native-run@https://registry.npmjs.org/native-run/-/native-run-2.0.3.tgz 0ms (cache hit)
501 http cache fs-extra@https://registry.npmjs.org/fs-extra/-/fs-extra-11.3.3.tgz 0ms (cache hit)
502 http cache kleur@https://registry.npmjs.org/kleur/-/kleur-4.1.5.tgz 0ms (cache hit)
503 http cache env-paths@https://registry.npmjs.org/env-paths/-/env-paths-2.2.1.tgz 0ms (cache hit)
504 http cache commander@https://registry.npmjs.org/commander/-/commander-12.1.0.tgz 0ms (cache hit)
505 http cache @ionic/utils-terminal@https://registry.npmjs.org/@ionic/utils-terminal/-/utils-terminal-2.3.5.tgz 0ms (cache hit)
506 http cache @ionic/utils-subprocess@https://registry.npmjs.org/@ionic/utils-subprocess/-/utils-subprocess-3.0.1.tgz 0ms (cache hit)
507 http cache @ionic/cli-framework-output@https://registry.npmjs.org/@ionic/cli-framework-output/-/cli-framework-output-2.2.8.tgz 0ms (cache hit)
508 http cache @capacitor/ios@https://registry.npmjs.org/@capacitor/ios/-/ios-8.1.0.tgz 0ms (cache hit)
509 http cache @capacitor/core@https://registry.npmjs.org/@capacitor/core/-/core-8.1.0.tgz 0ms (cache hit)
510 http cache @capacitor/cli@https://registry.npmjs.org/@capacitor/cli/-/cli-8.1.0.tgz 0ms (cache hit)
511 http cache lru-cache@https://registry.npmjs.org/lru-cache/-/lru-cache-11.2.6.tgz 0ms (cache hit)
512 http cache balanced-match@https://registry.npmjs.org/balanced-match/-/balanced-match-4.0.3.tgz 0ms (cache hit)
513 http cache brace-expansion@https://registry.npmjs.org/brace-expansion/-/brace-expansion-5.0.2.tgz 0ms (cache hit)
514 http cache minimatch@https://registry.npmjs.org/minimatch/-/minimatch-10.2.2.tgz 0ms (cache hit)
515 http cache fs-extra@https://registry.npmjs.org/fs-extra/-/fs-extra-9.1.0.tgz 0ms (cache hit)
516 http cache xmlbuilder@https://registry.npmjs.org/xmlbuilder/-/xmlbuilder-11.0.1.tgz 0ms (cache hit)
517 http cache yallist@https://registry.npmjs.org/yallist/-/yallist-5.0.0.tgz 0ms (cache hit)
518 http cache kleur@https://registry.npmjs.org/kleur/-/kleur-3.0.3.tgz 0ms (cache hit)
519 http cache semver@https://registry.npmjs.org/semver/-/semver-7.7.4.tgz 0ms (cache hit)
520 http cache fd-slicer@https://registry.npmjs.org/fd-slicer/-/fd-slicer-1.1.0.tgz 0ms (cache hit)
521 http fetch POST 200 https://registry.npmjs.org/-/npm/v1/security/advisories/bulk 325ms
522 silly audit report {
522 silly audit report   ajv: [
522 silly audit report     {
522 silly audit report       id: 1113398,
522 silly audit report       url: 'https://github.com/advisories/GHSA-2g4f-4pwh-qvx6',
522 silly audit report       title: 'ajv has ReDoS when using `$data` option',
522 silly audit report       severity: 'moderate',
522 silly audit report       vulnerable_versions: '<6.14.0',
522 silly audit report       cwe: [Array],
522 silly audit report       cvss: [Object]
522 silly audit report     }
522 silly audit report   ],
522 silly audit report   minimatch: [
522 silly audit report     {
522 silly audit report       id: 1113371,
522 silly audit report       url: 'https://github.com/advisories/GHSA-3ppc-4f35-3m26',
522 silly audit report       title: 'minimatch has a ReDoS via repeated wildcards with non-matching literal in pattern',
522 silly audit report       severity: 'high',
522 silly audit report       vulnerable_versions: '<10.2.1',
522 silly audit report       cwe: [Array],
522 silly audit report       cvss: [Object]
522 silly audit report     }
522 silly audit report   ]
522 silly audit report }
523 silly packumentCache corgi:https://registry.npmjs.org/ajv cache-miss
524 silly packumentCache corgi:https://registry.npmjs.org/minimatch cache-miss
525 http fetch GET 200 https://registry.npmjs.org/minimatch 197ms (cache revalidated)
526 silly packumentCache corgi:https://registry.npmjs.org/minimatch set size:149210 disposed:false
527 http fetch GET 200 https://registry.npmjs.org/ajv 325ms (cache miss)
528 silly packumentCache corgi:https://registry.npmjs.org/ajv set size:undefined disposed:false
529 silly packumentCache corgi:https://registry.npmjs.org/@eslint%2feslintrc cache-miss
530 silly packumentCache corgi:https://registry.npmjs.org/eslint cache-miss
531 http fetch GET 200 https://registry.npmjs.org/@eslint%2feslintrc 144ms (cache miss)
532 silly packumentCache corgi:https://registry.npmjs.org/@eslint%2feslintrc set size:undefined disposed:false
533 http fetch GET 200 https://registry.npmjs.org/eslint 196ms (cache miss)
534 silly packumentCache corgi:https://registry.npmjs.org/eslint set size:undefined disposed:false
535 silly packumentCache corgi:https://registry.npmjs.org/@eslint%2fconfig-array cache-miss
536 http fetch GET 200 https://registry.npmjs.org/@eslint%2fconfig-array 664ms (cache miss)
537 silly packumentCache corgi:https://registry.npmjs.org/@eslint%2fconfig-array set size:undefined disposed:false
538 silly packumentCache corgi:https://registry.npmjs.org/@eslint-community%2feslint-utils cache-miss
539 silly packumentCache corgi:https://registry.npmjs.org/eslint-plugin-react-hooks cache-miss
540 silly packumentCache corgi:https://registry.npmjs.org/eslint-plugin-react-refresh cache-miss
541 http fetch GET 200 https://registry.npmjs.org/eslint-plugin-react-refresh 82ms (cache miss)
542 silly packumentCache corgi:https://registry.npmjs.org/eslint-plugin-react-refresh set size:undefined disposed:false
543 http fetch GET 200 https://registry.npmjs.org/@eslint-community%2feslint-utils 277ms (cache miss)
544 silly packumentCache corgi:https://registry.npmjs.org/@eslint-community%2feslint-utils set size:undefined disposed:false
545 http fetch GET 200 https://registry.npmjs.org/eslint-plugin-react-hooks 329ms (cache miss)
546 silly packumentCache corgi:https://registry.npmjs.org/eslint-plugin-react-hooks set size:undefined disposed:false
547 silly ADD node_modules/at-least-node
548 silly ADD node_modules/pend
549 silly ADD node_modules/fd-slicer
550 silly ADD node_modules/buffer-crc32
551 silly ADD node_modules/safe-buffer
552 silly ADD node_modules/util-deprecate
553 silly ADD node_modules/string_decoder
554 silly ADD node_modules/inherits
555 silly ADD node_modules/readable-stream
556 silly ADD node_modules/minizlib
557 silly ADD node_modules/chownr
558 silly ADD node_modules/@isaacs/fs-minipass
559 silly ADD node_modules/ansi-regex
560 silly ADD node_modules/emoji-regex
561 silly ADD node_modules/is-fullwidth-code-point
562 silly ADD node_modules/astral-regex
563 silly ADD node_modules/path-scurry
564 silly ADD node_modules/path-scurry/node_modules/lru-cache
565 silly ADD node_modules/minipass
566 silly ADD node_modules/package-json-from-dist
567 silly ADD node_modules/glob
568 silly ADD node_modules/glob/node_modules/balanced-match
569 silly ADD node_modules/glob/node_modules/brace-expansion
570 silly ADD node_modules/glob/node_modules/minimatch
571 silly ADD node_modules/sisteransi
572 silly ADD node_modules/xmlbuilder
573 silly ADD node_modules/base64-js
574 silly ADD node_modules/@xmldom/xmldom
575 silly ADD node_modules/is-wsl
576 silly ADD node_modules/is-docker
577 silly ADD node_modules/define-lazy-prop
578 silly ADD node_modules/sax
579 silly ADD node_modules/big-integer
580 silly ADD node_modules/yauzl
581 silly ADD node_modules/through2
582 silly ADD node_modules/split2
583 silly ADD node_modules/ini
584 silly ADD node_modules/elementtree
585 silly ADD node_modules/bplist-parser
586 silly ADD node_modules/universalify
587 silly ADD node_modules/jsonfile
588 silly ADD node_modules/graceful-fs
589 silly ADD node_modules/undici-types
590 silly ADD node_modules/@types/node
591 silly ADD node_modules/wrap-ansi
592 silly ADD node_modules/untildify
593 silly ADD node_modules/strip-ansi
594 silly ADD node_modules/string-width
595 silly ADD node_modules/slice-ansi
596 silly ADD node_modules/@types/slice-ansi
597 silly ADD node_modules/tree-kill
598 silly ADD node_modules/signal-exit
599 silly ADD node_modules/@ionic/utils-object
600 silly ADD node_modules/@types/fs-extra
601 silly ADD node_modules/@ionic/utils-stream
602 silly ADD node_modules/@ionic/utils-process
603 silly ADD node_modules/@ionic/utils-fs
604 silly ADD node_modules/@ionic/utils-fs/node_modules/fs-extra
605 silly ADD node_modules/@ionic/utils-array
606 silly ADD node_modules/xml2js
607 silly ADD node_modules/xml2js/node_modules/xmlbuilder
608 silly ADD node_modules/tslib
609 silly ADD node_modules/tar
610 silly ADD node_modules/tar/node_modules/yallist
611 silly ADD node_modules/rimraf
612 silly ADD node_modules/prompts
613 silly ADD node_modules/prompts/node_modules/kleur
614 silly ADD node_modules/plist
615 silly ADD node_modules/open
616 silly ADD node_modules/native-run
617 silly ADD node_modules/kleur
618 silly ADD node_modules/fs-extra
619 silly ADD node_modules/env-paths
620 silly ADD node_modules/commander
621 silly ADD node_modules/@ionic/utils-terminal
622 silly ADD node_modules/@ionic/utils-subprocess
623 silly ADD node_modules/@ionic/cli-framework-output
624 silly ADD node_modules/@capacitor/ios
625 silly ADD node_modules/@capacitor/core
626 silly ADD node_modules/@capacitor/cli
627 silly ADD node_modules/@capacitor/cli/node_modules/semver
628 verbose cwd /data/data/com.termux/files/home/ai-companion
629 verbose os Linux 4.19.113-27095354
630 verbose node v25.3.0
631 verbose npm  v11.10.0
632 verbose exit 0
633 info ok
